CRITICAL - 2022-11-01 19:08:11 --> Invalid file: site/contact.php
in SYSTEMPATH/Exceptions/FrameworkException.php on line 33.
 1 SYSTEMPATH/View/View.php(201): CodeIgniter\Exceptions\FrameworkException::forInvalidFile('site/contact.php')
 2 SYSTEMPATH/Common.php(1134): CodeIgniter\View\View->render('site/contact', [], true)
 3 APPPATH/Controllers/Site.php(12): view('site/contact')
 4 SYSTEMPATH/CodeIgniter.php(927): App\Controllers\Site->view('contact')
 5 SYSTEMPATH/CodeIgniter.php(482): CodeIgniter\CodeIgniter->runController(Object(App\Controllers\Site))
 6 SYSTEMPATH/CodeIgniter.php(351): CodeIgniter\CodeIgniter->handleRequest(null, Object(Config\Cache), false)
 7 FCPATH/index.php(67): CodeIgniter\CodeIgniter->run()
CRITICAL - 2022-11-01 19:10:10 --> Invalid file: site/contact.php
in SYSTEMPATH/Exceptions/FrameworkException.php on line 33.
 1 SYSTEMPATH/View/View.php(201): CodeIgniter\Exceptions\FrameworkException::forInvalidFile('site/contact.php')
 2 SYSTEMPATH/Common.php(1134): CodeIgniter\View\View->render('site/contact', [], true)
 3 APPPATH/Controllers/Site.php(12): view('site/contact')
 4 SYSTEMPATH/CodeIgniter.php(927): App\Controllers\Site->view('contact')
 5 SYSTEMPATH/CodeIgniter.php(482): CodeIgniter\CodeIgniter->runController(Object(App\Controllers\Site))
 6 SYSTEMPATH/CodeIgniter.php(351): CodeIgniter\CodeIgniter->handleRequest(null, Object(Config\Cache), false)
 7 FCPATH/index.php(67): CodeIgniter\CodeIgniter->run()
CRITICAL - 2022-11-01 19:13:14 --> Invalid file: site/contact.php
in SYSTEMPATH/Exceptions/FrameworkException.php on line 33.
 1 SYSTEMPATH/View/View.php(201): CodeIgniter\Exceptions\FrameworkException::forInvalidFile('site/contact.php')
 2 SYSTEMPATH/Common.php(1134): CodeIgniter\View\View->render('site/contact', [], true)
 3 APPPATH/Controllers/Site.php(12): view('site/contact')
 4 SYSTEMPATH/CodeIgniter.php(927): App\Controllers\Site->view('contact')
 5 SYSTEMPATH/CodeIgniter.php(482): CodeIgniter\CodeIgniter->runController(Object(App\Controllers\Site))
 6 SYSTEMPATH/CodeIgniter.php(351): CodeIgniter\CodeIgniter->handleRequest(null, Object(Config\Cache), false)
 7 FCPATH/index.php(67): CodeIgniter\CodeIgniter->run()
CRITICAL - 2022-11-01 19:20:23 --> Invalid file: site/contact.php
in SYSTEMPATH/Exceptions/FrameworkException.php on line 33.
 1 SYSTEMPATH/View/View.php(201): CodeIgniter\Exceptions\FrameworkException::forInvalidFile('site/contact.php')
 2 SYSTEMPATH/Common.php(1134): CodeIgniter\View\View->render('site/contact', [], true)
 3 APPPATH/Controllers/Site.php(12): view('site/contact')
 4 SYSTEMPATH/CodeIgniter.php(927): App\Controllers\Site->view('contact')
 5 SYSTEMPATH/CodeIgniter.php(482): CodeIgniter\CodeIgniter->runController(Object(App\Controllers\Site))
 6 SYSTEMPATH/CodeIgniter.php(351): CodeIgniter\CodeIgniter->handleRequest(null, Object(Config\Cache), false)
 7 FCPATH/index.php(67): CodeIgniter\CodeIgniter->run()
